<?xml version="1.0" encoding="UTF-8"?>
<!-- Generated by org.testng.reporters.JUnitReportReporter -->
<testsuite skipped="0" hostname="Airone" name="com.ng.AppleTest" tests="1" failures="0" timestamp="14 Dec 2023 01:52:55 GMT" time="0.001" errors="0">
  <testcase name="apple" time="0.001" classname="com.ng.AppleTest"/>
</testsuite> <!-- com.ng.AppleTest -->
