<?xml version="1.0" encoding="UTF-8"?>
<!-- Generated by org.testng.reporters.JUnitReportReporter -->
<testsuite skipped="0" hostname="Airone" name="com.rest.ReigesterTest" tests="1" failures="0" timestamp="03 Jan 2024 02:13:26 GMT" time="0.533" errors="0">
  <testcase name="register" time="0.533" classname="com.rest.ReigesterTest"/>
</testsuite> <!-- com.rest.ReigesterTest -->
