<?xml version="1.0" encoding="UTF-8"?>
<!-- Generated by org.testng.reporters.JUnitReportReporter -->
<testsuite skipped="0" hostname="Airone" name="com.test.OnionTest" tests="1" failures="0" timestamp="14 Dec 2023 01:52:55 GMT" time="0.000" errors="0">
  <testcase name="onion" time="0.000" classname="com.test.OnionTest"/>
</testsuite> <!-- com.test.OnionTest -->
