<?xml version="1.0" encoding="UTF-8"?>
<!-- Generated by org.testng.reporters.JUnitReportReporter -->
<testsuite skipped="0" hostname="Airone" name="com.rest.ListResource" tests="1" failures="0" timestamp="03 Jan 2024 02:13:26 GMT" time="0.207" errors="0">
  <testcase name="listResource" time="0.207" classname="com.rest.ListResource"/>
</testsuite> <!-- com.rest.ListResource -->
