<?xml version="1.0" encoding="UTF-8"?>
<!-- Generated by org.testng.reporters.JUnitReportReporter -->
<testsuite skipped="0" hostname="Airone" name="com.rest.AssertTest" tests="1" failures="0" timestamp="03 Jan 2024 02:13:26 GMT" time="0.509" errors="0">
  <testcase name="assertTest" time="0.509" classname="com.rest.AssertTest"/>
</testsuite> <!-- com.rest.AssertTest -->
