<?xml version="1.0" encoding="UTF-8"?>
<!-- Generated by org.testng.reporters.JUnitReportReporter -->
<testsuite skipped="0" hostname="Airone" name="com.org.Attribute3Priority" tests="6" failures="0" timestamp="14 Dec 2023 01:52:55 GMT" time="0.000" errors="0">
  <testcase name="banana" time="0.000" classname="com.org.Attribute3Priority"/>
  <testcase name="orange" time="0.000" classname="com.org.Attribute3Priority"/>
  <testcase name="mango" time="0.000" classname="com.org.Attribute3Priority"/>
  <testcase name="pomo" time="0.000" classname="com.org.Attribute3Priority"/>
  <testcase name="grapes" time="0.000" classname="com.org.Attribute3Priority"/>
  <testcase name="apple" time="0.000" classname="com.org.Attribute3Priority"/>
</testsuite> <!-- com.org.Attribute3Priority -->
