<?xml version="1.0" encoding="UTF-8"?>
<!-- Generated by org.testng.reporters.JUnitReportReporter -->
<testsuite skipped="0" hostname="Airone" name="com.rest.CountryTest" tests="1" failures="0" timestamp="03 Jan 2024 02:13:26 GMT" time="0.767" errors="0">
  <testcase name="country" time="0.767" classname="com.rest.CountryTest"/>
</testsuite> <!-- com.rest.CountryTest -->
