<?xml version="1.0" encoding="UTF-8"?>
<!-- Generated by org.testng.reporters.JUnitReportReporter -->
<testsuite skipped="0" hostname="Airone" name="com.rest.UpdateTest" tests="1" failures="0" timestamp="03 Jan 2024 02:13:26 GMT" time="2.209" errors="0">
  <testcase name="userTest" time="2.209" classname="com.rest.UpdateTest"/>
</testsuite> <!-- com.rest.UpdateTest -->
