<?xml version="1.0" encoding="UTF-8"?>
<!-- Generated by org.testng.reporters.JUnitReportReporter -->
<testsuite skipped="0" hostname="Airone" name="com.rest.DeleteTest" tests="1" failures="0" timestamp="03 Jan 2024 02:13:26 GMT" time="0.518" errors="0">
  <testcase name="deleteTest" time="0.518" classname="com.rest.DeleteTest"/>
</testsuite> <!-- com.rest.DeleteTest -->
