<?xml version="1.0" encoding="UTF-8"?>
<!-- Generated by org.testng.reporters.JUnitReportReporter -->
<testsuite skipped="0" hostname="Airone" name="com.rest.AllUsersTest" tests="2" failures="0" timestamp="03 Jan 2024 02:13:26 GMT" time="1.494" errors="0">
  <testcase name="singleUser" time="1.203" classname="com.rest.AllUsersTest"/>
  <testcase name="users" time="0.291" classname="com.rest.AllUsersTest"/>
</testsuite> <!-- com.rest.AllUsersTest -->
